0 info it worked if it ends with ok
1 verbose cli [ 'C:\\Program Files\\nodejs\\node.exe',
1 verbose cli   'C:\\Program Files\\nodejs\\node_modules\\npm\\bin\\npm-cli.js',
1 verbose cli   'run',
1 verbose cli   'dev' ]
2 info using npm@3.10.10
3 info using node@v6.11.1
4 verbose run-script [ 'predev', 'dev', 'postdev' ]
5 info lifecycle nodejs-typescript-shopping-cart@1.0.0~predev: nodejs-typescript-shopping-cart@1.0.0
6 silly lifecycle nodejs-typescript-shopping-cart@1.0.0~predev: no script for predev, continuing
7 info lifecycle nodejs-typescript-shopping-cart@1.0.0~dev: nodejs-typescript-shopping-cart@1.0.0
8 verbose lifecycle nodejs-typescript-shopping-cart@1.0.0~dev: unsafe-perm in lifecycle true
9 verbose lifecycle nodejs-typescript-shopping-cart@1.0.0~dev: PATH: C:\Users\feyya\AppData\Roaming\nvm\v6.11.1\node_modules\npm\bin\node-gyp-bin;C:\Users\feyya\nodejs-typescript-shopping-cart\node_modules\.bin;C:\Program Files\Git\mingw64\bin;C:\Program Files\Git\usr\bin;C:\Users\feyya\bin;C:\ProgramData\DockerDesktop\version-bin;C:\Program Files\Docker\Docker\Resources\bin;C:\ProgramData\Oracle\Java\javapath;C:\Windows\system32;C:\Windows;C:\Windows\System32\Wbem;C:\Windows\System32\WindowsPowerShell\v1.0;C:\Program Files (x86)\NVIDIA Corporation\PhysX\Common;C:\Program Files\Git\cmd;C:\WINDOWS\system32;C:\WINDOWS;C:\WINDOWS\System32\Wbem;C:\WINDOWS\System32\WindowsPowerShell\v1.0;C:\WINDOWS\System32\OpenSSH;C:\Program Files\OpenVPN\bin;C:\Program Files (x86)\Microsoft VS Code\bin;C:\Users\feyya\AppData\Roaming\nvm;C:\Program Files\nodejs;C:\Program Files (x86)\Intel\Intel(R) Management Engine Components\DAL;C:\Program Files\Intel\Intel(R) Management Engine Components\DAL;C:\Users\feyya\AppData\Local\Programs\Python\Python36-32\Scripts;C:\Users\feyya\AppData\Local\Programs\Python\Python36-32;C:\Ruby24-x64\bin;C:\Users\feyya\AppData\Local\Microsoft\WindowsApps;C:\Program Files (x86)\Microsoft VS Code\bin;C:\Python27;C:\Python27\Scripts;C:\Program Files\heroku\bin;C:\Users\feyya\AppData\Roaming\nvm;C:\Program Files\nodejs;C:\Users\feyya\AppData\Local\GitHubDesktop\bin
10 verbose lifecycle nodejs-typescript-shopping-cart@1.0.0~dev: CWD: C:\Users\feyya\nodejs-typescript-shopping-cart
11 silly lifecycle nodejs-typescript-shopping-cart@1.0.0~dev: Args: [ '/d /s /c',
11 silly lifecycle   'ts-node-dev --respawn --transpileOnly ./src/app.ts' ]
12 verbose stack Error: kill ENOSYS
12 verbose stack     at exports._errnoException (util.js:1018:11)
12 verbose stack     at process.kill (internal/process.js:190:13)
12 verbose stack     at process.listener (C:\Users\feyya\AppData\Roaming\nvm\v6.11.1\node_modules\npm\node_modules\npmlog\node_modules\gauge\node_modules\signal-exit\index.js:86:15)
12 verbose stack     at emitNone (events.js:91:20)
12 verbose stack     at process.emit (events.js:185:7)
12 verbose stack     at processEmit (C:\Users\feyya\AppData\Roaming\nvm\v6.11.1\node_modules\npm\node_modules\npmlog\node_modules\gauge\node_modules\signal-exit\index.js:146:32)
12 verbose stack     at processEmit (C:\Users\feyya\AppData\Roaming\nvm\v6.11.1\node_modules\npm\node_modules\npm-registry-client\node_modules\npmlog\node_modules\gauge\node_modules\signal-exit\index.js:146:32)
12 verbose stack     at Signal.wrap.onsignal (internal/process.js:217:44)
13 verbose cwd C:\Users\feyya\nodejs-typescript-shopping-cart
14 error Windows_NT 10.0.17763
15 error argv "C:\\Program Files\\nodejs\\node.exe" "C:\\Program Files\\nodejs\\node_modules\\npm\\bin\\npm-cli.js" "run" "dev"
16 error node v6.11.1
17 error npm  v3.10.10
18 error code ENOSYS
19 error errno ENOSYS
20 error syscall kill
21 error kill ENOSYS
22 error If you need help, you may report this error at:
22 error     <https://github.com/npm/npm/issues>
23 verbose exit [ 1, true ]
